{"numTotalTestSuites":339,"numPassedTestSuites":320,"numFailedTestSuites":19,"numPendingTestSuites":0,"numTotalTests":1031,"numPassedTests":1016,"numFailedTests":13,"numPendingTests":2,"numTodoTests":0,"snapshot":{"added":0,"failure":false,"filesAdded":0,"filesRemoved":0,"filesRemovedList":[],"filesUnmatched":0,"filesUpdated":0,"matched":0,"total":0,"unchecked":0,"uncheckedKeysByFile":[],"unmatched":0,"updated":0,"didUpdate":false},"startTime":1772913443428,"success":false,"testResults":[{"assertionResults":[{"ancestorTitles":["useWatchlist"],"fullName":"useWatchlist isWatchlisted returns true for existing symbol","status":"passed","title":"isWatchlisted returns true for existing symbol","duration":6.802291000000025,"failureMessages":[],"meta":{}},{"ancestorTitles":["useWatchlist"],"fullName":"useWatchlist toggleWatchlist removes when symbol already exists","status":"passed","title":"toggleWatchlist removes when symbol already exists","duration":2.7873329999999896,"failureMessages":[],"meta":{}}],"startTime":1772913447893,"endTime":1772913447902.7874,"status":"passed","message":"","name":"/Users/defiankit/Desktop/multiasset_ai/src/hooks/use-watchlist.test.ts"},{"assertionResults":[{"ancestorTitles":["Utils Library","cn"],"fullName":"Utils Library cn merges tailwind classes correctly","status":"passed","title":"merges tailwind classes correctly","duration":3.3859999999999957,"failureMessages":[],"meta":{}},{"ancestorTitles":["Utils Library","formatMarketCap"],"fullName":"Utils Library formatMarketCap formats US values","status":"passed","title":"formats US values","duration":0.17108299999998167,"failureMessages":[],"meta":{}},{"ancestorTitles":["Utils Library","formatMarketCap"],"fullName":"Utils Library formatMarketCap formats IN values correctly","status":"passed","title":"formats IN values correctly","duration":11.522625000000005,"failureMessages":[],"meta":{}},{"ancestorTitles":["Utils Library","formatMarketCap"],"fullName":"Utils Library formatMarketCap handles edge cases","status":"passed","title":"handles edge cases","duration":0.1388329999999769,"failureMessages":[],"meta":{}},{"ancestorTitles":["Utils Library","formatCompactNumber"],"fullName":"Utils Library formatCompactNumber formats with region US","status":"passed","title":"formats with region US","duration":0.11991700000001515,"failureMessages":[],"meta":{}},{"ancestorTitles":["Utils Library","formatCompactNumber"],"fullName":"Utils Library formatCompactNumber formats with region IN","status":"passed","title":"formats with region IN","duration":0.108791999999994,"failureMessages":[],"meta":{}},{"ancestorTitles":["Utils Library","formatPrice"],"fullName":"Utils Library formatPrice formats US price","status":"passed","title":"formats US price","duration":0.1392500000000041,"failureMessages":[],"meta":{}},{"ancestorTitles":["Utils Library","formatPrice"],"fullName":"Utils Library formatPrice handles empty values","status":"passed","title":"handles empty values","duration":0.04516600000002313,"failureMessages":[],"meta":{}},{"ancestorTitles":["Utils Library","getCurrencyConfig"],"fullName":"Utils Library getCurrencyConfig returns IN for INR","status":"passed","title":"returns IN for INR","duration":0.33004200000002015,"failureMessages":[],"meta":{}},{"ancestorTitles":["Utils Library","getCurrencyConfig"],"fullName":"Utils Library getCurrencyConfig returns US for USD and others","status":"passed","title":"returns US for USD and others","duration":0.11487499999998363,"failureMessages":[],"meta":{}},{"ancestorTitles":["Utils Library","computeRangePositionPercent"],"fullName":"Utils Library computeRangePositionPercent calculates correct percentage","status":"passed","title":"calculates correct percentage","duration":0.09441699999999287,"failureMessages":[],"meta":{}},{"ancestorTitles":["Utils Library","computeRangePositionPercent"],"fullName":"Utils Library computeRangePositionPercent handles out of bounds","status":"passed","title":"handles out of bounds","duration":0.043417000000005146,"failureMessages":[],"meta":{}},{"ancestorTitles":["Utils Library","computeRangePositionPercent"],"fullName":"Utils Library computeRangePositionPercent handles zero span","status":"passed","title":"handles zero span","duration":0.026290999999986298,"failureMessages":[],"meta":{}},{"ancestorTitles":["Utils Library","humanizeRegimeLabel"],"fullName":"Utils Library humanizeRegimeLabel maps known labels","status":"passed","title":"maps known labels","duration":0.09166700000000105,"failureMessages":[],"meta":{}},{"ancestorTitles":["Utils Library","humanizeRegimeLabel"],"fullName":"Utils Library humanizeRegimeLabel title cases unknown labels","status":"passed","title":"title cases unknown labels","duration":0.07025000000001569,"failureMessages":[],"meta":{}},{"ancestorTitles":["Utils Library","resolveAnalyticsSyncError"],"fullName":"Utils Library resolveAnalyticsSyncError preserves previous error if analytics exist","status":"passed","title":"preserves previous error if analytics exist","duration":0.05333300000000918,"failureMessages":[],"meta":{}},{"ancestorTitles":["Utils Library","resolveAnalyticsSyncError"],"fullName":"Utils Library resolveAnalyticsSyncError returns new error message if no analytics","status":"passed","title":"returns new error message if no analytics","duration":0.03125,"failureMessages":[],"meta":{}},{"ancestorTitles":["Utils Library","resolveAnalyticsSyncError"],"fullName":"Utils Library resolveAnalyticsSyncError returns generic fallback if not an error instance","status":"passed","title":"returns generic fallback if not an error instance","duration":0.026165999999989253,"failureMessages":[],"meta":{}},{"ancestorTitles":["Utils Library","wait"],"fullName":"Utils Library wait resolves after timeout","status":"passed","title":"resolves after timeout","duration":51.12812500000001,"failureMessages":[],"meta":{}}],"startTime":1772913444095,"endTime":1772913444163.1282,"status":"passed","message":"","name":"/Users/defiankit/Desktop/multiasset_ai/src/lib/__tests__/utils.test.ts"},{"assertionResults":[{"ancestorTitles":["getHistoryConfidence"],"fullName":"getHistoryConfidence returns calibrating for <60 bars","status":"passed","title":"returns calibrating for <60 bars","duration":0.8440420000000017,"failureMessages":[],"meta":{}},{"ancestorTitles":["getHistoryConfidence"],"fullName":"getHistoryConfidence returns low for 60-119 bars","status":"passed","title":"returns low for 60-119 bars","duration":0.16241700000000492,"failureMessages":[],"meta":{}},{"ancestorTitles":["getHistoryConfidence"],"fullName":"getHistoryConfidence returns medium for 120-199 bars","status":"passed","title":"returns medium for 120-199 bars","duration":0.09391600000000722,"failureMessages":[],"meta":{}},{"ancestorTitles":["getHistoryConfidence"],"fullName":"getHistoryConfidence returns full for >=200 bars","status":"passed","title":"returns full for >=200 bars","duration":0.07458300000001827,"failureMessages":[],"meta":{}},{"ancestorTitles":["resolveSingleSourceField"],"fullName":"resolveSingleSourceField returns primary when value exists and freshness is within SLA","status":"passed","title":"returns primary when value exists and freshness is within SLA","duration":0.10666699999998741,"failureMessages":[],"meta":{}},{"ancestorTitles":["resolveSingleSourceField"],"fullName":"resolveSingleSourceField returns unavailable when source is stale","status":"passed","title":"returns unavailable when source is stale","duration":0.0816250000000025,"failureMessages":[],"meta":{}},{"ancestorTitles":["resolveFundamentalField"],"fullName":"resolveFundamentalField keeps primary in primary tier when within 7d SLA","status":"passed","title":"keeps primary in primary tier when within 7d SLA","duration":0.917917000000017,"failureMessages":[],"meta":{}},{"ancestorTitles":["resolveFundamentalField"],"fullName":"resolveFundamentalField keeps stale_primary when within grace but over base SLA","status":"passed","title":"keeps stale_primary when within grace but over base SLA","duration":0.19512500000001864,"failureMessages":[],"meta":{}},{"ancestorTitles":["resolveFundamentalField"],"fullName":"resolveFundamentalField falls back to yahoo when primary breaches 14d threshold","status":"passed","title":"falls back to yahoo when primary breaches 14d threshold","duration":0.1832499999999868,"failureMessages":[],"meta":{}},{"ancestorTitles":["resolveFundamentalField"],"fullName":"resolveFundamentalField returns unavailable when all sources are stale or missing","status":"passed","title":"returns unavailable when all sources are stale or missing","duration":0.15516700000000583,"failureMessages":[],"meta":{}}],"startTime":1772913445640,"endTime":1772913445643.195,"status":"passed","message":"","name":"/Users/defiankit/Desktop/multiasset_ai/src/lib/data-quality/reliability.test.ts"},{"assertionResults":[{"ancestorTitles":["LyraPage Integration"],"fullName":"LyraPage Integration renders initial empty state with heading and input","status":"passed","title":"renders initial empty state with heading and input","duration":80.11479099999997,"failureMessages":[],"meta":{}},{"ancestorTitles":["LyraPage Integration"],"fullName":"LyraPage Integration updates input field when typing","status":"passed","title":"updates input field when typing","duration":9.087125000000015,"failureMessages":[],"meta":{}},{"ancestorTitles":["LyraPage Integration"],"fullName":"LyraPage Integration sends message and simulates streaming response via Fetch Mock","status":"passed","title":"sends message and simulates streaming response via Fetch Mock","duration":27.788291999999956,"failureMessages":[],"meta":{}},{"ancestorTitles":["LyraPage Integration"],"fullName":"LyraPage Integration hides thinking indicator when content is present","status":"passed","title":"hides thinking indicator when content is present","duration":25.293542000000002,"failureMessages":[],"meta":{}},{"ancestorTitles":["LyraPage Integration"],"fullName":"LyraPage Integration loads and displays chat history","status":"passed","title":"loads and displays chat history","duration":7.440500000000043,"failureMessages":[],"meta":{}}],"startTime":1772913447353,"endTime":1772913447502.4404,"status":"passed","message":"","name":"/Users/defiankit/Desktop/multiasset_ai/src/app/dashboard/lyra/page.test.tsx"},{"assertionResults":[{"ancestorTitles":["POST /api/chat"],"fullName":"POST /api/chat returns 401 if not authenticated","status":"passed","title":"returns 401 if not authenticated","duration":3.22120799999999,"failureMessages":[],"meta":{}},{"ancestorTitles":["POST /api/chat"],"fullName":"POST /api/chat returns 400 if request body is invalid","status":"passed","title":"returns 400 if request body is invalid","duration":1.8383330000000342,"failureMessages":[],"meta":{}},{"ancestorTitles":["POST /api/chat"],"fullName":"POST /api/chat calls generateLyraStream and returns response on success","status":"passed","title":"calls generateLyraStream and returns response on success","duration":3.195291999999995,"failureMessages":[],"meta":{}}],"startTime":1772913445218,"endTime":1772913445226.1953,"status":"passed","message":"","name":"/Users/defiankit/Desktop/multiasset_ai/src/app/api/chat/route.test.ts"},{"assertionResults":[{"ancestorTitles":["Behavioral Intelligence Layer","analyzeBehavioralPatterns"],"fullName":"Behavioral Intelligence Layer analyzeBehavioralPatterns should detect concentration risk","status":"passed","title":"should detect concentration risk","duration":1.7383749999999907,"failureMessages":[],"meta":{}},{"ancestorTitles":["Behavioral Intelligence Layer","analyzeBehavioralPatterns"],"fullName":"Behavioral Intelligence Layer analyzeBehavioralPatterns should detect volatility seeking behavior","status":"passed","title":"should detect volatility seeking behavior","duration":0.14758299999999736,"failureMessages":[],"meta":{}},{"ancestorTitles":["Behavioral Intelligence Layer","analyzeBehavioralPatterns"],"fullName":"Behavioral Intelligence Layer analyzeBehavioralPatterns should detect FOMO pattern from rapid queries","status":"passed","title":"should detect FOMO pattern from rapid queries","duration":0.10283400000000142,"failureMessages":[],"meta":{}},{"ancestorTitles":["Behavioral Intelligence Layer","analyzeBehavioralPatterns"],"fullName":"Behavioral Intelligence Layer analyzeBehavioralPatterns should detect healthy diversification","status":"passed","title":"should detect healthy diversification","duration":0.102958000000001,"failureMessages":[],"meta":{}},{"ancestorTitles":["Behavioral Intelligence Layer","analyzeBehavioralPatterns"],"fullName":"Behavioral Intelligence Layer analyzeBehavioralPatterns should return empty array for insufficient data","status":"passed","title":"should return empty array for insufficient data","duration":0.3130000000000166,"failureMessages":[],"meta":{}},{"ancestorTitles":["Behavioral Intelligence Layer","buildBehaviorProfile"],"fullName":"Behavioral Intelligence Layer buildBehaviorProfile should build complete behavior profile","status":"passed","title":"should build complete behavior profile","duration":0.23041699999998855,"failureMessages":[],"meta":{}},{"ancestorTitles":["Behavioral Intelligence Layer","buildBehaviorProfile"],"fullName":"Behavioral Intelligence Layer buildBehaviorProfile should calculate volatility preference correctly","status":"passed","title":"should calculate volatility preference correctly","duration":0.07241700000000151,"failureMessages":[],"meta":{}},{"ancestorTitles":["Behavioral Intelligence Layer","getMentoringMessage"],"fullName":"Behavioral Intelligence Layer getMentoringMessage should prioritize high severity insights","status":"passed","title":"should prioritize high severity insights","duration":0.09312499999998636,"failureMessages":[],"meta":{}},{"ancestorTitles":["Behavioral Intelligence Layer","getMentoringMessage"],"fullName":"Behavioral Intelligence Layer getMentoringMessage should show moderate insights when no high severity","status":"passed","title":"should show moderate insights when no high severity","duration":0.058875000000000455,"failureMessages":[],"meta":{}},{"ancestorTitles":["Behavioral Intelligence Layer","getMentoringMessage"],"fullName":"Behavioral Intelligence Layer getMentoringMessage should show positive message for healthy patterns","status":"passed","title":"should show positive message for healthy patterns","duration":0.08770799999999213,"failureMessages":[],"meta":{}},{"ancestorTitles":["Behavioral Intelligence Layer","getMentoringMessage"],"fullName":"Behavioral Intelligence Layer getMentoringMessage should return null when no insights","status":"passed","title":"should return null when no insights","duration":0.04916699999998286,"failureMessages":[],"meta":{}}],"startTime":1772913446482,"endTime":1772913446485.2305,"status":"passed","message":"","name":"/Users/defiankit/Desktop/multiasset_ai/src/lib/ai/__tests__/behavioral-intelligence.test.ts"},{"assertionResults":[{"ancestorTitles":["Context Builder — buildCompressedContext","asset identity"],"fullName":"Context Builder — buildCompressedContext asset identity includes symbol, name, and type","status":"passed","title":"includes symbol, name, and type","duration":1.2701250000000073,"failureMessages":[],"meta":{}},{"ancestorTitles":["Context Builder — buildCompressedContext","asset identity"],"fullName":"Context Builder — buildCompressedContext asset identity defaults to GLOBAL when no symbol","status":"passed","title":"defaults to GLOBAL when no symbol","duration":0.08262500000000728,"failureMessages":[],"meta":{}},{"ancestorTitles":["Context Builder — buildCompressedContext","#5 — real-time price injection"],"fullName":"Context Builder — buildCompressedContext #5 — real-time price injection injects price data when provided","status":"passed","title":"injects price data when provided","duration":0.12820899999999824,"failureMessages":[],"meta":{}},{"ancestorTitles":["Context Builder — buildCompressedContext","#5 — real-time price injection"],"fullName":"Context Builder — buildCompressedContext #5 — real-time price injection shows negative change with minus sign","status":"passed","title":"shows negative change with minus sign","duration":0.10300000000000864,"failureMessages":[],"meta":{}},{"ancestorTitles":["Context Builder — buildCompressedContext","#5 — real-time price injection"],"fullName":"Context Builder — buildCompressedContext #5 — real-time price injection shows update age in minutes when recent","status":"passed","title":"shows update age in minutes when recent","duration":0.1092920000000106,"failureMessages":[],"meta":{}},{"ancestorTitles":["Context Builder — buildCompressedContext","#5 — real-time price injection"],"fullName":"Context Builder — buildCompressedContext #5 — real-time price injection shows update age in hours when old","status":"passed","title":"shows update age in hours when old","duration":0.07912499999997635,"failureMessages":[],"meta":{}},{"ancestorTitles":["Context Builder — buildCompressedContext","#5 — real-time price injection"],"fullName":"Context Builder — buildCompressedContext #5 — real-time price injection omits [PRICE] when price is null","status":"passed","title":"omits [PRICE] when price is null","duration":0.054249999999996135,"failureMessages":[],"meta":{}},{"ancestorTitles":["Context Builder — buildCompressedContext","#5 — real-time price injection"],"fullName":"Context Builder — buildCompressedContext #5 — real-time price injection omits [PRICE] when priceData is undefined","status":"passed","title":"omits [PRICE] when priceData is undefined","duration":0.04708400000001234,"failureMessages":[],"meta":{}},{"ancestorTitles":["Context Builder — buildCompressedContext","#5 — real-time price injection"],"fullName":"Context Builder — buildCompressedContext #5 — real-time price injection handles zero price change correctly","status":"passed","title":"handles zero price change correctly","duration":0.06450000000000955,"failureMessages":[],"meta":{}},{"ancestorTitles":["Context Builder — buildCompressedContext","engine scores"],"fullName":"Context Builder — buildCompressedContext engine scores includes non-null scores","status":"passed","title":"includes non-null scores","duration":0.19691700000001333,"failureMessages":[],"meta":{}},{"ancestorTitles":["Context Builder — buildCompressedContext","engine scores"],"fullName":"Context Builder — buildCompressedContext engine scores omits null scores","status":"passed","title":"omits null scores","duration":0.08574999999999022,"failureMessages":[],"meta":{}},{"ancestorTitles":["Context Builder — buildCompressedContext","engine scores"],"fullName":"Context Builder — buildCompressedContext engine scores omits [ENGINE_SCORES] when all scores are null","status":"passed","title":"omits [ENGINE_SCORES] when all scores are null","duration":0.04650000000000887,"failureMessages":[],"meta":{}},{"ancestorTitles":["Context Builder — buildCompressedContext","regime data"],"fullName":"Context Builder — buildCompressedContext regime data includes regime when present","status":"passed","title":"includes regime when present","duration":0.04104100000000699,"failureMessages":[],"meta":{}},{"ancestorTitles":["Context Builder — buildCompressedContext","regime data"],"fullName":"Context Builder — buildCompressedContext regime data includes enriched regime detail","status":"passed","title":"includes enriched regime detail","duration":0.06449999999998113,"failureMessages":[],"meta":{}},{"ancestorTitles":["Context Builder — buildCompressedContext","knowledge and memory context"],"fullName":"Context Builder — buildCompressedContext knowledge and memory context includes institutional knowledge","status":"passed","title":"includes institutional knowledge","duration":0.048082999999991216,"failureMessages":[],"meta":{}},{"ancestorTitles":["Context Builder — buildCompressedContext","knowledge and memory context"],"fullName":"Context Builder — buildCompressedContext knowledge and memory context includes user memory","status":"passed","title":"includes user memory","duration":0.04795899999999165,"failureMessages":[],"meta":{}},{"ancestorTitles":["Context Builder — buildCompressedContext","knowledge and memory context"],"fullName":"Context Builder — buildCompressedContext knowledge and memory context includes cross-sector correlation","status":"passed","title":"includes cross-sector correlation","duration":0.037750000000016826,"failureMessages":[],"meta":{}},{"ancestorTitles":["Context Builder — buildCompressedContext","available assets — smart subset"],"fullName":"Context Builder — buildCompressedContext available assets — smart subset includes benchmark symbols that exist in universe","status":"passed","title":"includes benchmark symbols that exist in universe","duration":0.07687500000000114,"failureMessages":[],"meta":{}},{"ancestorTitles":["Context Builder — buildCompressedContext","available assets — smart subset"],"fullName":"Context Builder — buildCompressedContext available assets — smart subset includes mentioned symbols","status":"passed","title":"includes mentioned symbols","duration":0.04162500000001046,"failureMessages":[],"meta":{}},{"ancestorTitles":["Context Builder — buildCompressedContext","region"],"fullName":"Context Builder — buildCompressedContext region shows India for IN region","status":"passed","title":"shows India for IN region","duration":0.24491600000001768,"failureMessages":[],"meta":{}},{"ancestorTitles":["Context Builder — buildCompressedContext","region"],"fullName":"Context Builder — buildCompressedContext region shows United States for US region","status":"passed","title":"shows United States for US region","duration":0.325665999999984,"failureMessages":[],"meta":{}},{"ancestorTitles":["Context Builder — buildCompressedContext","full context assembly order"],"fullName":"Context Builder — buildCompressedContext full context assembly order produces sections in correct order: ASSET > PRICE > SCORES > REGIME > KNOWLEDGE > MEMORY > ASSETS","status":"passed","title":"produces sections in correct order: ASSET > PRICE > SCORES > REGIME > KNOWLEDGE > MEMORY > ASSETS","duration":0.3380420000000015,"failureMessages":[],"meta":{}},{"ancestorTitles":["Context Builder — buildCompressedContext","currency symbol — INR vs USD"],"fullName":"Context Builder — buildCompressedContext currency symbol — INR vs USD uses ₹ for INR assets","status":"passed","title":"uses ₹ for INR assets","duration":0.10829100000000835,"failureMessages":[],"meta":{}},{"ancestorTitles":["Context Builder — buildCompressedContext","currency symbol — INR vs USD"],"fullName":"Context Builder — buildCompressedContext currency symbol — INR vs USD uses $ for USD assets","status":"passed","title":"uses $ for USD assets","duration":0.08420800000001805,"failureMessages":[],"meta":{}},{"ancestorTitles":["Context Builder — buildCompressedContext","currency symbol — INR vs USD"],"fullName":"Context Builder — buildCompressedContext currency symbol — INR vs USD defaults to $ when currency is null","status":"passed","title":"defaults to $ when currency is null","duration":0.07033400000000256,"failureMessages":[],"meta":{}},{"ancestorTitles":["Context Builder — buildCompressedContext","currency symbol — INR vs USD"],"fullName":"Context Builder — buildCompressedContext currency symbol — INR vs USD defaults to $ when assetEnrichment is undefined","status":"passed","title":"defaults to $ when assetEnrichment is undefined","duration":0.04287500000000932,"failureMessages":[],"meta":{}},{"ancestorTitles":["Context Builder — buildCompressedContext","company profile — stocks and ETFs"],"fullName":"Context Builder — buildCompressedContext company profile — stocks and ETFs renders [COMPANY_PROFILE] with industry and sector","status":"failed","title":"renders [COMPANY_PROFILE] with industry and sector","duration":4.266667000000012,"failureMessages":["AssertionError: expected '[ASSET] AAPL | AAPL | Type: STOCK' to contain '[COMPANY_PROFILE]'\n    at /Users/defiankit/Desktop/multiasset_ai/src/lib/ai/__tests__/context-builder.test.ts:340:22\n    at file:///Users/defiankit/Desktop/multiasset_ai/node_modules/@vitest/runner/dist/chunk-hooks.js:155:11\n    at file:///Users/defiankit/Desktop/multiasset_ai/node_modules/@vitest/runner/dist/chunk-hooks.js:752:26\n    at file:///Users/defiankit/Desktop/multiasset_ai/node_modules/@vitest/runner/dist/chunk-hooks.js:1897:20\n    at new Promise (<anonymous>)\n    at runWithTimeout (file:///Users/defiankit/Desktop/multiasset_ai/node_modules/@vitest/runner/dist/chunk-hooks.js:1863:10)\n    at runTest (file:///Users/defiankit/Desktop/multiasset_ai/node_modules/@vitest/runner/dist/chunk-hooks.js:1574:12)\n    at processTicksAndRejections (node:internal/process/task_queues:103:5)\n    at runSuite (file:///Users/defiankit/Desktop/multiasset_ai/node_modules/@vitest/runner/dist/chunk-hooks.js:1729:8)\n    at runSuite (file:///Users/defiankit/Desktop/multiasset_ai/node_modules/@vitest/runner/dist/chunk-hooks.js:1729:8)"],"meta":{}},{"ancestorTitles":["Context Builder — buildCompressedContext","company profile — stocks and ETFs"],"fullName":"Context Builder — buildCompressedContext company profile — stocks and ETFs omits sector when same as industry","status":"failed","title":"omits sector when same as industry","duration":0.430499999999995,"failureMessages":["AssertionError: expected '[ASSET] XLE | XLE | Type: ETF' to contain 'Industry:Energy'\n    at /Users/defiankit/Desktop/multiasset_ai/src/lib/ai/__tests__/context-builder.test.ts:357:22\n    at file:///Users/defiankit/Desktop/multiasset_ai/node_modules/@vitest/runner/dist/chunk-hooks.js:155:11\n    at file:///Users/defiankit/Desktop/multiasset_ai/node_modules/@vitest/runner/dist/chunk-hooks.js:752:26\n    at file:///Users/defiankit/Desktop/multiasset_ai/node_modules/@vitest/runner/dist/chunk-hooks.js:1897:20\n    at new Promise (<anonymous>)\n    at runWithTimeout (file:///Users/defiankit/Desktop/multiasset_ai/node_modules/@vitest/runner/dist/chunk-hooks.js:1863:10)\n    at runTest (file:///Users/defiankit/Desktop/multiasset_ai/node_modules/@vitest/runner/dist/chunk-hooks.js:1574:12)\n    at processTicksAndRejections (node:internal/process/task_queues:103:5)\n    at runSuite (file:///Users/defiankit/Desktop/multiasset_ai/node_modules/@vitest/runner/dist/chunk-hooks.js:1729:8)\n    at runSuite (file:///Users/defiankit/Desktop/multiasset_ai/node_modules/@vitest/runner/dist/chunk-hooks.js:1729:8)"],"meta":{}},{"ancestorTitles":["Context Builder — buildCompressedContext","company profile — stocks and ETFs"],"fullName":"Context Builder — buildCompressedContext company profile — stocks and ETFs truncates long descriptions to 80 chars","status":"failed","title":"truncates long descriptions to 80 chars","duration":0.6826669999999808,"failureMessages":["AssertionError: expected '[ASSET] AAPL | AAPL | Type: STOCK' to contain 'About:AAAAAAAAAAAAAAAAAAAAAAAAAAAAAAA…'\n    at /Users/defiankit/Desktop/multiasset_ai/src/lib/ai/__tests__/context-builder.test.ts:369:22\n    at file:///Users/defiankit/Desktop/multiasset_ai/node_modules/@vitest/runner/dist/chunk-hooks.js:155:11\n    at file:///Users/defiankit/Desktop/multiasset_ai/node_modules/@vitest/runner/dist/chunk-hooks.js:752:26\n    at file:///Users/defiankit/Desktop/multiasset_ai/node_modules/@vitest/runner/dist/chunk-hooks.js:1897:20\n    at new Promise (<anonymous>)\n    at runWithTimeout (file:///Users/defiankit/Desktop/multiasset_ai/node_modules/@vitest/runner/dist/chunk-hooks.js:1863:10)\n    at runTest (file:///Users/defiankit/Desktop/multiasset_ai/node_modules/@vitest/runner/dist/chunk-hooks.js:1574:12)\n    at processTicksAndRejections (node:internal/process/task_queues:103:5)\n    at runSuite (file:///Users/defiankit/Desktop/multiasset_ai/node_modules/@vitest/runner/dist/chunk-hooks.js:1729:8)\n    at runSuite (file:///Users/defiankit/Desktop/multiasset_ai/node_modules/@vitest/runner/dist/chunk-hooks.js:1729:8)"],"meta":{}},{"ancestorTitles":["Context Builder — buildCompressedContext","company profile — stocks and ETFs"],"fullName":"Context Builder — buildCompressedContext company profile — stocks and ETFs does NOT render [COMPANY_PROFILE] for MUTUAL_FUND","status":"passed","title":"does NOT render [COMPANY_PROFILE] for MUTUAL_FUND","duration":0.054000000000002046,"failureMessages":[],"meta":{}},{"ancestorTitles":["Context Builder — buildCompressedContext","mutual fund profile"],"fullName":"Context Builder — buildCompressedContext mutual fund profile renders [MF_PROFILE] with fundHouse, category, NAV","status":"passed","title":"renders [MF_PROFILE] with fundHouse, category, NAV","duration":0.06837500000000318,"failureMessages":[],"meta":{}},{"ancestorTitles":["Context Builder — buildCompressedContext","mutual fund profile"],"fullName":"Context Builder — buildCompressedContext mutual fund profile does NOT render [MF_PROFILE] for STOCK","status":"passed","title":"does NOT render [MF_PROFILE] for STOCK","duration":0.04083400000001802,"failureMessages":[],"meta":{}},{"ancestorTitles":["Context Builder — buildCompressedContext","mutual fund profile"],"fullName":"Context Builder — buildCompressedContext mutual fund profile omits [MF_PROFILE] when all MF fields are null","status":"passed","title":"omits [MF_PROFILE] when all MF fields are null","duration":0.035124999999993634,"failureMessages":[],"meta":{}},{"ancestorTitles":["Context Builder — buildCompressedContext","fund performance returns — ETF and MF"],"fullName":"Context Builder — buildCompressedContext fund performance returns — ETF and MF renders [ETF_FUND_RETURNS] for ETF","status":"passed","title":"renders [ETF_FUND_RETURNS] for ETF","duration":0.07649999999998158,"failureMessages":[],"meta":{}},{"ancestorTitles":["Context Builder — buildCompressedContext","fund performance returns — ETF and MF"],"fullName":"Context Builder — buildCompressedContext fund performance returns — ETF and MF renders [MF_RETURNS] for MUTUAL_FUND","status":"passed","title":"renders [MF_RETURNS] for MUTUAL_FUND","duration":0.065166999999974,"failureMessages":[],"meta":{}},{"ancestorTitles":["Context Builder — buildCompressedContext","fund performance returns — ETF and MF"],"fullName":"Context Builder — buildCompressedContext fund performance returns — ETF and MF handles negative returns","status":"passed","title":"handles negative returns","duration":0.04145900000000324,"failureMessages":[],"meta":{}},{"ancestorTitles":["Context Builder — buildCompressedContext","fund performance returns — ETF and MF"],"fullName":"Context Builder — buildCompressedContext fund performance returns — ETF and MF does NOT render fund returns for STOCK","status":"passed","title":"does NOT render fund returns for STOCK","duration":0.043958000000003494,"failureMessages":[],"meta":{}},{"ancestorTitles":["extractMentionedSymbols"],"fullName":"extractMentionedSymbols extracts uppercase ticker-like symbols","status":"passed","title":"extracts uppercase ticker-like symbols","duration":0.33483300000000327,"failureMessages":[],"meta":{}},{"ancestorTitles":["extractMentionedSymbols"],"fullName":"extractMentionedSymbols extracts .NS suffixed symbols including long Indian tickers","status":"passed","title":"extracts .NS suffixed symbols including long Indian tickers","duration":0.07970900000000825,"failureMessages":[],"meta":{}},{"ancestorTitles":["extractMentionedSymbols"],"fullName":"extractMentionedSymbols extracts crypto symbols with -USD suffix","status":"passed","title":"extracts crypto symbols with -USD suffix","duration":0.06258300000001782,"failureMessages":[],"meta":{}},{"ancestorTitles":["extractMentionedSymbols"],"fullName":"extractMentionedSymbols filters out common English words","status":"passed","title":"filters out common English words","duration":0.15416700000000105,"failureMessages":[],"meta":{}},{"ancestorTitles":["extractMentionedSymbols"],"fullName":"extractMentionedSymbols handles non-string content gracefully","status":"passed","title":"handles non-string content gracefully","duration":0.2535000000000025,"failureMessages":[],"meta":{}},{"ancestorTitles":["extractMentionedSymbols"],"fullName":"extractMentionedSymbols deduplicates symbols across messages","status":"passed","title":"deduplicates symbols across messages","duration":0.07370800000001054,"failureMessages":[],"meta":{}}],"startTime":1772913443745,"endTime":1772913443756.2534,"status":"failed","message":"","name":"/Users/defiankit/Desktop/multiasset_ai/src/lib/ai/__tests__/context-builder.test.ts"},{"assertionResults":[{"ancestorTitles":["Guardrails — validateInput","allowed queries"],"fullName":"Guardrails — validateInput allowed queries allows: \"What is the price of NVDA?\"","status":"passed","title":"allows: \"What is the price of NVDA?\"","duration":1.0029580000000067,"failureMessages":[],"meta":{}},{"ancestorTitles":["Guardrails — validateInput","allowed queries"],"fullName":"Guardrails — validateInput allowed queries allows: \"How is the price doing today?\"","status":"passed","title":"allows: \"How is the price doing today?\"","duration":0.441332999999986,"failureMessages":[],"meta":{}},{"ancestorTitles":["Guardrails — validateInput","allowed queries"],"fullName":"Guardrails — validateInput allowed queries allows: \"Show me price action for Bitcoin\"","status":"passed","title":"allows: \"Show me price action for Bitcoin\"","duration":0.06583399999999529,"failureMessages":[],"meta":{}},{"ancestorTitles":["Guardrails — validateInput","allowed queries"],"fullName":"Guardrails — validateInput allowed queries allows: \"What price did AAPL close at?\"","status":"passed","title":"allows: \"What price did AAPL close at?\"","duration":0.07558299999999463,"failureMessages":[],"meta":{}},{"ancestorTitles":["Guardrails — validateInput","allowed queries"],"fullName":"Guardrails — validateInput allowed queries allows: \"price\"","status":"passed","title":"allows: \"price\"","duration":0.1655409999999904,"failureMessages":[],"meta":{}},{"ancestorTitles":["Guardrails — validateInput","allowed queries"],"fullName":"Guardrails — validateInput allowed queries allows: \"current price\"","status":"passed","title":"allows: \"current price\"","duration":0.16395800000000804,"failureMessages":[],"meta":{}},{"ancestorTitles":["Guardrails — validateInput","allowed queries"],"fullName":"Guardrails — validateInput allowed queries allows: \"price movement\"","status":"passed","title":"allows: \"price movement\"","duration":0.07587499999999636,"failureMessages":[],"meta":{}},{"ancestorTitles":["Guardrails — validateInput","allowed queries"],"fullName":"Guardrails — validateInput allowed queries allows: \"What are the risks for TSLA?\"","status":"passed","title":"allows: \"What are the risks for TSLA?\"","duration":0.04395900000000097,"failureMessages":[],"meta":{}},{"ancestorTitles":["Guardrails — validateInput","allowed queries"],"fullName":"Guardrails — validateInput allowed queries allows: \"Compare AAPL vs MSFT\"","status":"passed","title":"allows: \"Compare AAPL vs MSFT\"","duration":0.04999999999998295,"failureMessages":[],"meta":{}},{"ancestorTitles":["Guardrails — validateInput","allowed queries"],"fullName":"Guardrails — validateInput allowed queries allows: \"How does the volatility score work?\"","status":"passed","title":"allows: \"How does the volatility score work?\"","duration":0.06587499999997704,"failureMessages":[],"meta":{}},{"ancestorTitles":["Guardrails — validateInput","allowed queries"],"fullName":"Guardrails — validateInput allowed queries allows: \"What is a short squeeze?\"","status":"passed","title":"allows: \"What is a short squeeze?\"","duration":0.0477910000000179,"failureMessages":[],"meta":{}},{"ancestorTitles":["Guardrails — validateInput","allowed queries"],"fullName":"Guardrails — validateInput allowed queries allows: \"Explain the momentum engine\"","status":"passed","title":"allows: \"Explain the momentum engine\"","duration":0.0908330000000035,"failureMessages":[],"meta":{}},{"ancestorTitles":["Guardrails — validateInput","allowed queries"],"fullName":"Guardrails — validateInput allowed queries allows: \"Is Bitcoin correlated with gold?\"","status":"passed","title":"allows: \"Is Bitcoin correlated with gold?\"","duration":0.09041700000000219,"failureMessages":[],"meta":{}},{"ancestorTitles":["Guardrails — validateInput","allowed queries"],"fullName":"Guardrails — validateInput allowed queries allows: \"What's driving NVDA's rally?\"","status":"passed","title":"allows: \"What's driving NVDA's rally?\"","duration":0.06162500000002069,"failureMessages":[],"meta":{}},{"ancestorTitles":["Guardrails — validateInput","allowed queries"],"fullName":"Guardrails — validateInput allowed queries allows: \"How is the tech sector doing?\"","status":"passed","title":"allows: \"How is the tech sector doing?\"","duration":0.19950000000000045,"failureMessages":[],"meta":{}},{"ancestorTitles":["Guardrails — validateInput","allowed queries"],"fullName":"Guardrails — validateInput allowed queries allows: \"buyback program for AAPL\"","status":"passed","title":"allows: \"buyback program for AAPL\"","duration":0.0413340000000062,"failureMessages":[],"meta":{}},{"ancestorTitles":["Guardrails — validateInput","allowed queries"],"fullName":"Guardrails — validateInput allowed queries allows: \"short-term outlook\"","status":"passed","title":"allows: \"short-term outlook\"","duration":0.040375000000011596,"failureMessages":[],"meta":{}},{"ancestorTitles":["Guardrails — validateInput","allowed queries"],"fullName":"Guardrails — validateInput allowed queries allows: \"long-term investment thesis\"","status":"passed","title":"allows: \"long-term investment thesis\"","duration":0.037208000000021,"failureMessages":[],"meta":{}},{"ancestorTitles":["Guardrails — validateInput","allowed queries"],"fullName":"Guardrails — validateInput allowed queries allows: \"Should I buy NVDA?\"","status":"passed","title":"allows: \"Should I buy NVDA?\"","duration":0.03145799999998644,"failureMessages":[],"meta":{}},{"ancestorTitles":["Guardrails — validateInput","allowed queries"],"fullName":"Guardrails — validateInput allowed queries allows: \"Should I sell my Bitcoin?\"","status":"passed","title":"allows: \"Should I sell my Bitcoin?\"","duration":0.030458000000010088,"failureMessages":[],"meta":{}},{"ancestorTitles":["Guardrails — validateInput","allowed queries"],"fullName":"Guardrails — validateInput allowed queries allows: \"Buy or sell AAPL?\"","status":"passed","title":"allows: \"Buy or sell AAPL?\"","duration":0.0297079999999994,"failureMessages":[],"meta":{}},{"ancestorTitles":["Guardrails — validateInput","blocked queries — banned phrases"],"fullName":"Guardrails — validateInput blocked queries — banned phrases blocks: \"Give me a price prediction for BTC\" (phrase: \"price prediction\")","status":"passed","title":"blocks: \"Give me a price prediction for BTC\" (phrase: \"price prediction\")","duration":0.09791699999999537,"failureMessages":[],"meta":{}},{"ancestorTitles":["Guardrails — validateInput","blocked queries — banned phrases"],"fullName":"Guardrails — validateInput blocked queries — banned phrases blocks: \"Is TSLA a guaranteed return?\" (phrase: \"guaranteed return\")","status":"passed","title":"blocks: \"Is TSLA a guaranteed return?\" (phrase: \"guaranteed return\")","duration":0.07470800000001532,"failureMessages":[],"meta":{}},{"ancestorTitles":["Guardrails — validateInput","blocked queries — banned phrases"],"fullName":"Guardrails — validateInput blocked queries — banned phrases blocks: \"Is this a safe bet?\" (phrase: \"safe bet\")","status":"passed","title":"blocks: \"Is this a safe bet?\" (phrase: \"safe bet\")","duration":0.08445799999998371,"failureMessages":[],"meta":{}},{"ancestorTitles":["Guardrails — validateInput","target price — intent-aware (Block 10)","allows legitimate analyst target price lookups"],"fullName":"Guardrails — validateInput target price — intent-aware (Block 10) allows legitimate analyst target price lookups allows: \"What is the analyst target price for AAPL?\"","status":"passed","title":"allows: \"What is the analyst target price for AAPL?\"","duration":0.06649999999999068,"failureMessages":[],"meta":{}},{"ancestorTitles":["Guardrails — validateInput","target price — intent-aware (Block 10)","allows legitimate analyst target price lookups"],"fullName":"Guardrails — validateInput target price — intent-aware (Block 10) allows legitimate analyst target price lookups allows: \"What's the consensus target price on NVDA?\"","status":"passed","title":"allows: \"What's the consensus target price on NVDA?\"","duration":0.030041999999980362,"failureMessages":[],"meta":{}},{"ancestorTitles":["Guardrails — validateInput","target price — intent-aware (Block 10)","allows legitimate analyst target price lookups"],"fullName":"Guardrails — validateInput target price — intent-aware (Block 10) allows legitimate analyst target price lookups allows: \"Show me the 12-month price target for TSLA\"","status":"passed","title":"allows: \"Show me the 12-month price target for TSLA\"","duration":0.08625000000000682,"failureMessages":[],"meta":{}},{"ancestorTitles":["Guardrails — validateInput","target price — intent-aware (Block 10)","allows legitimate analyst target price lookups"],"fullName":"Guardrails — validateInput target price — intent-aware (Block 10) allows legitimate analyst target price lookups allows: \"What do analysts have as a target price for MSFT?\"","status":"passed","title":"allows: \"What do analysts have as a target price for MSFT?\"","duration":0.03325000000000955,"failureMessages":[],"meta":{}},{"ancestorTitles":["Guardrails — validateInput","target price — intent-aware (Block 10)","blocks prediction-intent target price claims"],"fullName":"Guardrails — validateInput target price — intent-aware (Block 10) blocks prediction-intent target price claims blocks: \"own target price claim\"","status":"passed","title":"blocks: \"own target price claim\"","duration":0.045624999999972715,"failureMessages":[],"meta":{}},{"ancestorTitles":["Guardrails — validateInput","target price — intent-aware (Block 10)","blocks prediction-intent target price claims"],"fullName":"Guardrails — validateInput target price — intent-aware (Block 10) blocks prediction-intent target price claims blocks: \"explicit predict\"","status":"passed","title":"blocks: \"explicit predict\"","duration":0.024083999999987782,"failureMessages":[],"meta":{}},{"ancestorTitles":["Guardrails — validateInput","target price — intent-aware (Block 10)","blocks prediction-intent target price claims"],"fullName":"Guardrails — validateInput target price — intent-aware (Block 10) blocks prediction-intent target price claims blocks: \"forecasting intent\"","status":"passed","title":"blocks: \"forecasting intent\"","duration":0.029332999999979847,"failureMessages":[],"meta":{}},{"ancestorTitles":["Guardrails — validateInput","target price — intent-aware (Block 10)","blocks prediction-intent target price claims"],"fullName":"Guardrails — validateInput target price — intent-aware (Block 10) blocks prediction-intent target price claims blocks: \"will reach\"","status":"passed","title":"blocks: \"will reach\"","duration":0.37179199999999923,"failureMessages":[],"meta":{}},{"ancestorTitles":["Guardrails — validateInput","target price — intent-aware (Block 10)","blocks prediction-intent target price claims"],"fullName":"Guardrails — validateInput target price — intent-aware (Block 10) blocks prediction-intent target price claims blocks: \"going to hit\"","status":"passed","title":"blocks: \"going to hit\"","duration":0.04929200000000833,"failureMessages":[],"meta":{}},{"ancestorTitles":["Guardrails — validateInput","blocked queries — banned words (whole-word only, no analytical context)"],"fullName":"Guardrails — validateInput blocked queries — banned words (whole-word only, no analytical context) blocks: \"BTC to the moon!\" (word: \"moon\")","status":"passed","title":"blocks: \"BTC to the moon!\" (word: \"moon\")","duration":0.05720799999997439,"failureMessages":[],"meta":{}},{"ancestorTitles":["Guardrails — validateInput","blocked queries — banned words (whole-word only, no analytical context)"],"fullName":"Guardrails — validateInput blocked queries — banned words (whole-word only, no analytical context) blocks: \"Is this a pump?\" (word: \"pump\")","status":"passed","title":"blocks: \"Is this a pump?\" (word: \"pump\")","duration":0.03187500000001364,"failureMessages":[],"meta":{}},{"ancestorTitles":["Guardrails — validateInput","blocked queries — banned words (whole-word only, no analytical context)"],"fullName":"Guardrails — validateInput blocked queries — banned words (whole-word only, no analytical context) blocks: \"Is DOGE going to dump?\" (word: \"dump\")","status":"passed","title":"blocks: \"Is DOGE going to dump?\" (word: \"dump\")","duration":0.028290999999995847,"failureMessages":[],"meta":{}},{"ancestorTitles":["Guardrails — validateInput","banned words — allowed in analytical context (Block 10)"],"fullName":"Guardrails — validateInput banned words — allowed in analytical context (Block 10) allows analytical context: \"Explain the pump-and-dump scheme risk for low-cap crypto\"","status":"passed","title":"allows analytical context: \"Explain the pump-and-dump scheme risk for low-cap crypto\"","duration":0.031125000000002956,"failureMessages":[],"meta":{}},{"ancestorTitles":["Guardrails — validateInput","banned words — allowed in analytical context (Block 10)"],"fullName":"Guardrails — validateInput banned words — allowed in analytical context (Block 10) allows analytical context: \"What are the signals to detect a pump pattern in memecoin volume?\"","status":"passed","title":"allows analytical context: \"What are the signals to detect a pump pattern in memecoin volume?\"","duration":0.0518340000000137,"failureMessages":[],"meta":{}},{"ancestorTitles":["Guardrails — validateInput","banned words — allowed in analytical context (Block 10)"],"fullName":"Guardrails — validateInput banned words — allowed in analytical context (Block 10) allows analytical context: \"Supply dump risk in BTC after halving\"","status":"passed","title":"allows analytical context: \"Supply dump risk in BTC after halving\"","duration":0.035459000000003016,"failureMessages":[],"meta":{}},{"ancestorTitles":["Guardrails — validateInput","banned words — allowed in analytical context (Block 10)"],"fullName":"Guardrails — validateInput banned words — allowed in analytical context (Block 10) allows analytical context: \"Going-to-the-moon sentiment as a contrarian signal\"","status":"passed","title":"allows analytical context: \"Going-to-the-moon sentiment as a contrarian signal\"","duration":0.027000000000015234,"failureMessages":[],"meta":{}},{"ancestorTitles":["Guardrails — validateInput","banned words — allowed in analytical context (Block 10)"],"fullName":"Guardrails — validateInput banned words — allowed in analytical context (Block 10) allows analytical context: \"How to avoid a rug pull or dump trap in DeFi\"","status":"passed","title":"allows analytical context: \"How to avoid a rug pull or dump trap in DeFi\"","duration":0.021250000000009095,"failureMessages":[],"meta":{}},{"ancestorTitles":["Guardrails — validateInput","banned words — allowed in analytical context (Block 10)"],"fullName":"Guardrails — validateInput banned words — allowed in analytical context (Block 10) allows analytical context: \"Analyse the pump pattern in PEPE's on-chain data\"","status":"passed","title":"allows analytical context: \"Analyse the pump pattern in PEPE's on-chain data\"","duration":0.021332999999998492,"failureMessages":[],"meta":{}},{"ancestorTitles":["Guardrails — validateInput","banned words do NOT match substrings"],"fullName":"Guardrails — validateInput banned words do NOT match substrings allows substring: \"moonlight sonata\"","status":"passed","title":"allows substring: \"moonlight sonata\"","duration":0.18745799999999235,"failureMessages":[],"meta":{}},{"ancestorTitles":["Guardrails — validateInput","banned words do NOT match substrings"],"fullName":"Guardrails — validateInput banned words do NOT match substrings allows substring: \"pumping iron at the gym\"","status":"passed","title":"allows substring: \"pumping iron at the gym\"","duration":0.16362499999999613,"failureMessages":[],"meta":{}},{"ancestorTitles":["Guardrails — validateInput","banned words do NOT match substrings"],"fullName":"Guardrails — validateInput banned words do NOT match substrings allows substring: \"dumpling recipe from grandma\"","status":"passed","title":"allows substring: \"dumpling recipe from grandma\"","duration":0.029625000000010004,"failureMessages":[],"meta":{}}],"startTime":1772913445894,"endTime":1772913445899.1875,"status":"passed","message":"","name":"/Users/defiankit/Desktop/multiasset_ai/src/lib/ai/__tests__/guardrails.test.ts"},{"assertionResults":[{"ancestorTitles":["Query Classifier","SIMPLE classification"],"fullName":"Query Classifier SIMPLE classification classifies as SIMPLE: \"What is a PE ratio?\"","status":"passed","title":"classifies as SIMPLE: \"What is a PE ratio?\"","duration":1.9663329999999917,"failureMessages":[],"meta":{}},{"ancestorTitles":["Query Classifier","SIMPLE classification"],"fullName":"Query Classifier SIMPLE classification classifies as SIMPLE: \"How does the trend score work?\"","status":"passed","title":"classifies as SIMPLE: \"How does the trend score work?\"","duration":1.2150839999999903,"failureMessages":[],"meta":{}},{"ancestorTitles":["Query Classifier","SIMPLE classification"],"fullName":"Query Classifier SIMPLE classification classifies as SIMPLE: \"Explain volatility\"","status":"passed","title":"classifies as SIMPLE: \"Explain volatility\"","duration":0.05216599999999971,"failureMessages":[],"meta":{}},{"ancestorTitles":["Query Classifier","SIMPLE classification"],"fullName":"Query Classifier SIMPLE classification classifies as SIMPLE: \"Define market regime\"","status":"passed","title":"classifies as SIMPLE: \"Define market regime\"","duration":0.15233299999999872,"failureMessages":[],"meta":{}},{"ancestorTitles":["Query Classifier","SIMPLE classification"],"fullName":"Query Classifier SIMPLE classification classifies as SIMPLE: \"Tell me about ARCS\"","status":"passed","title":"classifies as SIMPLE: \"Tell me about ARCS\"","duration":0.04837499999999295,"failureMessages":[],"meta":{}},{"ancestorTitles":["Query Classifier","SIMPLE classification"],"fullName":"Query Classifier SIMPLE classification classifies as SIMPLE: \"What's the difference between alpha and beta?\"","status":"passed","title":"classifies as SIMPLE: \"What's the difference between alpha and beta?\"","duration":0.26041600000002063,"failureMessages":[],"meta":{}},{"ancestorTitles":["Query Classifier","SIMPLE classification"],"fullName":"Query Classifier SIMPLE classification classifies as SIMPLE: \"Can you explain the momentum engine?\"","status":"failed","title":"classifies as SIMPLE: \"Can you explain the momentum engine?\"","duration":6.517333000000008,"failureMessages":["AssertionError: expected 'MODERATE' to be 'SIMPLE' // Object.is equality\n    at /Users/defiankit/Desktop/multiasset_ai/src/lib/ai/__tests__/query-classifier.test.ts:24:38\n    at file:///Users/defiankit/Desktop/multiasset_ai/node_modules/@vitest/runner/dist/chunk-hooks.js:155:11\n    at file:///Users/defiankit/Desktop/multiasset_ai/node_modules/@vitest/runner/dist/chunk-hooks.js:752:26\n    at file:///Users/defiankit/Desktop/multiasset_ai/node_modules/@vitest/runner/dist/chunk-hooks.js:1897:20\n    at new Promise (<anonymous>)\n    at runWithTimeout (file:///Users/defiankit/Desktop/multiasset_ai/node_modules/@vitest/runner/dist/chunk-hooks.js:1863:10)\n    at runTest (file:///Users/defiankit/Desktop/multiasset_ai/node_modules/@vitest/runner/dist/chunk-hooks.js:1574:12)\n    at processTicksAndRejections (node:internal/process/task_queues:103:5)\n    at runSuite (file:///Users/defiankit/Desktop/multiasset_ai/node_modules/@vitest/runner/dist/chunk-hooks.js:1729:8)\n    at runSuite (file:///Users/defiankit/Desktop/multiasset_ai/node_modules/@vitest/runner/dist/chunk-hooks.js:1729:8)"],"meta":{}},{"ancestorTitles":["Query Classifier","SIMPLE classification"],"fullName":"Query Classifier SIMPLE classification classifies as SIMPLE: \"What is the volatility score?\"","status":"passed","title":"classifies as SIMPLE: \"What is the volatility score?\"","duration":0.08241699999999241,"failureMessages":[],"meta":{}},{"ancestorTitles":["Query Classifier","SIMPLE classification"],"fullName":"Query Classifier SIMPLE classification classifies as SIMPLE: \"How is the trust score calculated?\"","status":"passed","title":"classifies as SIMPLE: \"How is the trust score calculated?\"","duration":0.05195799999998485,"failureMessages":[],"meta":{}},{"ancestorTitles":["Query Classifier","SIMPLE classification"],"fullName":"Query Classifier SIMPLE classification classifies as SIMPLE: \"What does DSE stand for?\"","status":"passed","title":"classifies as SIMPLE: \"What does DSE stand for?\"","duration":0.06266700000000469,"failureMessages":[],"meta":{}},{"ancestorTitles":["Query Classifier","SIMPLE — greetings (short queries)"],"fullName":"Query Classifier SIMPLE — greetings (short queries) classifies greeting as SIMPLE: \"hi\"","status":"passed","title":"classifies greeting as SIMPLE: \"hi\"","duration":0.05754199999998377,"failureMessages":[],"meta":{}},{"ancestorTitles":["Query Classifier","SIMPLE — greetings (short queries)"],"fullName":"Query Classifier SIMPLE — greetings (short queries) classifies greeting as SIMPLE: \"hello\"","status":"passed","title":"classifies greeting as SIMPLE: \"hello\"","duration":0.030458000000010088,"failureMessages":[],"meta":{}},{"ancestorTitles":["Query Classifier","SIMPLE — greetings (short queries)"],"fullName":"Query Classifier SIMPLE — greetings (short queries) classifies greeting as SIMPLE: \"hey\"","status":"passed","title":"classifies greeting as SIMPLE: \"hey\"","duration":0.024958999999995513,"failureMessages":[],"meta":{}},{"ancestorTitles":["Query Classifier","SIMPLE — greetings (short queries)"],"fullName":"Query Classifier SIMPLE — greetings (short queries) classifies greeting as SIMPLE: \"thanks\"","status":"passed","title":"classifies greeting as SIMPLE: \"thanks\"","duration":0.024665999999996302,"failureMessages":[],"meta":{}},{"ancestorTitles":["Query Classifier","SIMPLE — greetings (short queries)"],"fullName":"Query Classifier SIMPLE — greetings (short queries) classifies greeting as SIMPLE: \"thank you\"","status":"passed","title":"classifies greeting as SIMPLE: \"thank you\"","duration":0.023707999999999174,"failureMessages":[],"meta":{}},{"ancestorTitles":["Query Classifier","SIMPLE — greetings (short queries)"],"fullName":"Query Classifier SIMPLE — greetings (short queries) classifies greeting as SIMPLE: \"ok\"","status":"passed","title":"classifies greeting as SIMPLE: \"ok\"","duration":0.022041999999999007,"failureMessages":[],"meta":{}},{"ancestorTitles":["Query Classifier","SIMPLE — greetings (short queries)"],"fullName":"Query Classifier SIMPLE — greetings (short queries) classifies greeting as SIMPLE: \"okay\"","status":"passed","title":"classifies greeting as SIMPLE: \"okay\"","duration":0.021874999999994316,"failureMessages":[],"meta":{}},{"ancestorTitles":["Query Classifier","SIMPLE — greetings (short queries)"],"fullName":"Query Classifier SIMPLE — greetings (short queries) classifies greeting as SIMPLE: \"got it\"","status":"passed","title":"classifies greeting as SIMPLE: \"got it\"","duration":0.02262499999997658,"failureMessages":[],"meta":{}},{"ancestorTitles":["Query Classifier","SIMPLE — greetings (short queries)"],"fullName":"Query Classifier SIMPLE — greetings (short queries) classifies greeting as SIMPLE: \"sure\"","status":"passed","title":"classifies greeting as SIMPLE: \"sure\"","duration":0.022334000000000742,"failureMessages":[],"meta":{}},{"ancestorTitles":["Query Classifier","SIMPLE — greetings (short queries)"],"fullName":"Query Classifier SIMPLE — greetings (short queries) classifies greeting as SIMPLE: \"Hi!\"","status":"passed","title":"classifies greeting as SIMPLE: \"Hi!\"","duration":0.023875000000003865,"failureMessages":[],"meta":{}},{"ancestorTitles":["Query Classifier","SIMPLE — greetings (short queries)"],"fullName":"Query Classifier SIMPLE — greetings (short queries) classifies greeting as SIMPLE: \"Hello.\"","status":"passed","title":"classifies greeting as SIMPLE: \"Hello.\"","duration":0.02216699999999605,"failureMessages":[],"meta":{}},{"ancestorTitles":["Query Classifier","SIMPLE — greetings (short queries)"],"fullName":"Query Classifier SIMPLE — greetings (short queries) classifies greeting as SIMPLE: \"Thanks!\"","status":"passed","title":"classifies greeting as SIMPLE: \"Thanks!\"","duration":0.03674999999998363,"failureMessages":[],"meta":{}},{"ancestorTitles":["Query Classifier","COMPLEX classification"],"fullName":"Query Classifier COMPLEX classification classifies as COMPLEX: \"Compare AAPL vs MSFT vs GOOGL\"","status":"passed","title":"classifies as COMPLEX: \"Compare AAPL vs MSFT vs GOOGL\"","duration":0.0785410000000013,"failureMessages":[],"meta":{}},{"ancestorTitles":["Query Classifier","COMPLEX classification"],"fullName":"Query Classifier COMPLEX classification classifies as COMPLEX: \"NVDA versus AMD performance comparison\"","status":"passed","title":"classifies as COMPLEX: \"NVDA versus AMD performance comparison\"","duration":0.04145800000000577,"failureMessages":[],"meta":{}},{"ancestorTitles":["Query Classifier","COMPLEX classification"],"fullName":"Query Classifier COMPLEX classification classifies as COMPLEX: \"What's the portfolio impact of adding Bitcoin?\"","status":"passed","title":"classifies as COMPLEX: \"What's the portfolio impact of adding Bitcoin?\"","duration":0.17641600000001745,"failureMessages":[],"meta":{}},{"ancestorTitles":["Query Classifier","COMPLEX classification"],"fullName":"Query Classifier COMPLEX classification classifies as COMPLEX: \"Analyze the correlation between gold and equities\"","status":"passed","title":"classifies as COMPLEX: \"Analyze the correlation between gold and equities\"","duration":0.05299999999999727,"failureMessages":[],"meta":{}},{"ancestorTitles":["Query Classifier","COMPLEX classification"],"fullName":"Query Classifier COMPLEX classification classifies as COMPLEX: \"Cross-sector analysis of tech and healthcare\"","status":"passed","title":"classifies as COMPLEX: \"Cross-sector analysis of tech and healthcare\"","duration":0.03895900000000552,"failureMessages":[],"meta":{}},{"ancestorTitles":["Query Classifier","COMPLEX classification"],"fullName":"Query Classifier COMPLEX classification classifies as COMPLEX: \"What happens during a regime shift to risk-off?\"","status":"passed","title":"classifies as COMPLEX: \"What happens during a regime shift to risk-off?\"","duration":0.04279099999999403,"failureMessages":[],"meta":{}},{"ancestorTitles":["Query Classifier","COMPLEX classification"],"fullName":"Query Classifier COMPLEX classification classifies as COMPLEX: \"How would a rate hike impact multiple assets in my portfolio?\"","status":"passed","title":"classifies as COMPLEX: \"How would a rate hike impact multiple assets in my portfolio?\"","duration":0.020375000000001364,"failureMessages":[],"meta":{}},{"ancestorTitles":["Query Classifier","COMPLEX classification"],"fullName":"Query Classifier COMPLEX classification classifies as COMPLEX: \"Factor rotation analysis for the current macro environment\"","status":"passed","title":"classifies as COMPLEX: \"Factor rotation analysis for the current macro environment\"","duration":0.05616599999999039,"failureMessages":[],"meta":{}},{"ancestorTitles":["Query Classifier","COMPLEX classification"],"fullName":"Query Classifier COMPLEX classification classifies as COMPLEX: \"What's the risk-adjusted return comparison between SPY and QQQ?\"","status":"passed","title":"classifies as COMPLEX: \"What's the risk-adjusted return comparison between SPY and QQQ?\"","duration":0.02008299999999963,"failureMessages":[],"meta":{}},{"ancestorTitles":["Query Classifier","COMPLEX classification"],"fullName":"Query Classifier COMPLEX classification classifies as COMPLEX: \"Analyze the global macro impact on emerging markets and crypto\"","status":"passed","title":"classifies as COMPLEX: \"Analyze the global macro impact on emerging markets and crypto\"","duration":0.0524170000000197,"failureMessages":[],"meta":{}},{"ancestorTitles":["Query Classifier","COMPLEX — long queries (>150 chars)"],"fullName":"Query Classifier COMPLEX — long queries (>150 chars) classifies very long queries as COMPLEX","status":"passed","title":"classifies very long queries as COMPLEX","duration":0.08091699999999946,"failureMessages":[],"meta":{}},{"ancestorTitles":["Query Classifier","COMPLEX — deep conversations (12+ messages)"],"fullName":"Query Classifier COMPLEX — deep conversations (12+ messages) escalates to MODERATE at 12+ messages for non-SIMPLE queries","status":"passed","title":"escalates to MODERATE at 12+ messages for non-SIMPLE queries","duration":0.40358399999999506,"failureMessages":[],"meta":{}},{"ancestorTitles":["Query Classifier","COMPLEX — deep conversations (12+ messages)"],"fullName":"Query Classifier COMPLEX — deep conversations (12+ messages) escalates to COMPLEX at 20+ messages for non-SIMPLE queries","status":"passed","title":"escalates to COMPLEX at 20+ messages for non-SIMPLE queries","duration":0.07058299999999917,"failureMessages":[],"meta":{}},{"ancestorTitles":["Query Classifier","COMPLEX — deep conversations (12+ messages)"],"fullName":"Query Classifier COMPLEX — deep conversations (12+ messages) SIMPLE patterns still win even in deep conversations","status":"passed","title":"SIMPLE patterns still win even in deep conversations","duration":0.11233300000000668,"failureMessages":[],"meta":{}},{"ancestorTitles":["Query Classifier","MODERATE classification (default)"],"fullName":"Query Classifier MODERATE classification (default) classifies as MODERATE: \"NVDA outlook for next quarter\"","status":"passed","title":"classifies as MODERATE: \"NVDA outlook for next quarter\"","duration":0.1839170000000081,"failureMessages":[],"meta":{}},{"ancestorTitles":["Query Classifier","MODERATE classification (default)"],"fullName":"Query Classifier MODERATE classification (default) classifies as MODERATE: \"Is the tech sector overvalued right now?\"","status":"passed","title":"classifies as MODERATE: \"Is the tech sector overvalued right now?\"","duration":0.05779100000000881,"failureMessages":[],"meta":{}},{"ancestorTitles":["Query Classifier","MODERATE classification (default)"],"fullName":"Query Classifier MODERATE classification (default) classifies as MODERATE: \"Gold prices seem elevated lately\"","status":"passed","title":"classifies as MODERATE: \"Gold prices seem elevated lately\"","duration":0.034834000000017795,"failureMessages":[],"meta":{}},{"ancestorTitles":["Query Classifier","MODERATE classification (default)"],"fullName":"Query Classifier MODERATE classification (default) classifies as MODERATE: \"TSLA volatility concerns me\"","status":"passed","title":"classifies as MODERATE: \"TSLA volatility concerns me\"","duration":0.026250000000004547,"failureMessages":[],"meta":{}},{"ancestorTitles":["Query Classifier","MODERATE classification (default)"],"fullName":"Query Classifier MODERATE classification (default) classifies as MODERATE: \"Key support levels for SPY this week\"","status":"passed","title":"classifies as MODERATE: \"Key support levels for SPY this week\"","duration":0.025207999999992126,"failureMessages":[],"meta":{}},{"ancestorTitles":["Query Classifier","MODERATE classification (default)"],"fullName":"Query Classifier MODERATE classification (default) classifies as MODERATE: \"Bitcoin sentiment seems bearish\"","status":"passed","title":"classifies as MODERATE: \"Bitcoin sentiment seems bearish\"","duration":0.02549999999999386,"failureMessages":[],"meta":{}},{"ancestorTitles":["Query Classifier","edge cases"],"fullName":"Query Classifier edge cases handles empty string","status":"passed","title":"handles empty string","duration":0.037750000000016826,"failureMessages":[],"meta":{}},{"ancestorTitles":["Query Classifier","edge cases"],"fullName":"Query Classifier edge cases handles whitespace-only","status":"passed","title":"handles whitespace-only","duration":0.031208999999989828,"failureMessages":[],"meta":{}},{"ancestorTitles":["Query Classifier","edge cases"],"fullName":"Query Classifier edge cases defaults conversationLength to 1","status":"passed","title":"defaults conversationLength to 1","duration":0.030250000000023647,"failureMessages":[],"meta":{}},{"ancestorTitles":["Query Classifier","edge cases"],"fullName":"Query Classifier edge cases SIMPLE patterns only match short queries for short-query path","status":"failed","title":"SIMPLE patterns only match short queries for short-query path","duration":0.8668749999999932,"failureMessages":["AssertionError: expected 'MODERATE' to be 'SIMPLE' // Object.is equality\n    at /Users/defiankit/Desktop/multiasset_ai/src/lib/ai/__tests__/query-classifier.test.ts:137:46\n    at file:///Users/defiankit/Desktop/multiasset_ai/node_modules/@vitest/runner/dist/chunk-hooks.js:155:11\n    at file:///Users/defiankit/Desktop/multiasset_ai/node_modules/@vitest/runner/dist/chunk-hooks.js:752:26\n    at file:///Users/defiankit/Desktop/multiasset_ai/node_modules/@vitest/runner/dist/chunk-hooks.js:1897:20\n    at new Promise (<anonymous>)\n    at runWithTimeout (file:///Users/defiankit/Desktop/multiasset_ai/node_modules/@vitest/runner/dist/chunk-hooks.js:1863:10)\n    at runTest (file:///Users/defiankit/Desktop/multiasset_ai/node_modules/@vitest/runner/dist/chunk-hooks.js:1574:12)\n    at processTicksAndRejections (node:internal/process/task_queues:103:5)\n    at runSuite (file:///Users/defiankit/Desktop/multiasset_ai/node_modules/@vitest/runner/dist/chunk-hooks.js:1729:8)\n    at runSuite (file:///Users/defiankit/Desktop/multiasset_ai/node_modules/@vitest/runner/dist/chunk-hooks.js:1729:8)"],"meta":{}}],"startTime":1772913443916,"endTime":1772913443929.867,"status":"failed","message":"","name":"/Users/defiankit/Desktop/multiasset_ai/src/lib/ai/__tests__/query-classifier.test.ts"},{"assertionResults":[{"ancestorTitles":["RAG Optimizations","#11 — Inline knowledge citations"],"fullName":"RAG Optimizations #11 — Inline knowledge citations formats chunks with [KB: source > section] prefix","status":"passed","title":"formats chunks with [KB: source > section] prefix","duration":4.254792000000009,"failureMessages":[],"meta":{}},{"ancestorTitles":["RAG Optimizations","#11 — Inline knowledge citations"],"fullName":"RAG Optimizations #11 — Inline knowledge citations deduplicates sources by file name","status":"passed","title":"deduplicates sources by file name","duration":0.7577919999999949,"failureMessages":[],"meta":{}},{"ancestorTitles":["RAG Optimizations","#11 — Inline knowledge citations"],"fullName":"RAG Optimizations #11 — Inline knowledge citations falls back to 'General' section when metadata missing","status":"passed","title":"falls back to 'General' section when metadata missing","duration":0.1283329999999978,"failureMessages":[],"meta":{}},{"ancestorTitles":["RAG Optimizations","#10 — Pre-cached asset context"],"fullName":"RAG Optimizations #10 — Pre-cached asset context uses query-aware fast-path cache before asset-type baseline cache","status":"passed","title":"uses query-aware fast-path cache before asset-type baseline cache","duration":0.21145799999999326,"failureMessages":[],"meta":{}},{"ancestorTitles":["RAG Optimizations","#10 — Pre-cached asset context"],"fullName":"RAG Optimizations #10 — Pre-cached asset context warms cache in background on first query for an asset type","status":"passed","title":"warms cache in background on first query for an asset type","duration":52.390333999999996,"failureMessages":[],"meta":{}},{"ancestorTitles":["RAG Optimizations","#10 — Pre-cached asset context"],"fullName":"RAG Optimizations #10 — Pre-cached asset context merges pre-cached chunks when query returns sparse results","status":"passed","title":"merges pre-cached chunks when query returns sparse results","duration":0.38295800000003055,"failureMessages":[],"meta":{}},{"ancestorTitles":["RAG Optimizations","#10 — Pre-cached asset context"],"fullName":"RAG Optimizations #10 — Pre-cached asset context writes query-aware fast-path cache after full search","status":"passed","title":"writes query-aware fast-path cache after full search","duration":0.7138749999999732,"failureMessages":[],"meta":{}},{"ancestorTitles":["RAG Optimizations","#10 — Pre-cached asset context"],"fullName":"RAG Optimizations #10 — Pre-cached asset context does NOT attempt pre-cache for GLOBAL asset type","status":"passed","title":"does NOT attempt pre-cache for GLOBAL asset type","duration":0.15958399999999529,"failureMessages":[],"meta":{}},{"ancestorTitles":["RAG Optimizations","embedding cache"],"fullName":"RAG Optimizations embedding cache caches query embeddings in Redis","status":"passed","title":"caches query embeddings in Redis","duration":0.2380420000000072,"failureMessages":[],"meta":{}},{"ancestorTitles":["RAG Optimizations","embedding cache"],"fullName":"RAG Optimizations embedding cache uses cached embedding when available","status":"passed","title":"uses cached embedding when available","duration":0.17149999999998045,"failureMessages":[],"meta":{}},{"ancestorTitles":["RAG Optimizations","asset-type boosting"],"fullName":"RAG Optimizations asset-type boosting sorts asset-type-relevant chunks to the top","status":"passed","title":"sorts asset-type-relevant chunks to the top","duration":0.18316700000002584,"failureMessages":[],"meta":{}},{"ancestorTitles":["RAG Optimizations","similarity threshold"],"fullName":"RAG Optimizations similarity threshold returns empty when no chunks meet threshold","status":"passed","title":"returns empty when no chunks meet threshold","duration":0.11662499999999909,"failureMessages":[],"meta":{}},{"ancestorTitles":["RAG Optimizations","error handling"],"fullName":"RAG Optimizations error handling returns empty content on knowledge search failure","status":"passed","title":"returns empty content on knowledge search failure","duration":0.1343750000000341,"failureMessages":[],"meta":{}}],"startTime":1772913444420,"endTime":1772913444480.183,"status":"passed","message":"","name":"/Users/defiankit/Desktop/multiasset_ai/src/lib/ai/__tests__/rag-optimizations.test.ts"},{"assertionResults":[{"ancestorTitles":["Service Optimizations","Gemini quality monitoring"],"fullName":"Service Optimizations Gemini quality monitoring routes to Gemini and returns a valid stream for quality monitoring","status":"passed","title":"routes to Gemini and returns a valid stream for quality monitoring","duration":9.938750000000027,"failureMessages":[],"meta":{}},{"ancestorTitles":["Service Optimizations","#4+9 — Trivial query short-circuit"],"fullName":"Service Optimizations #4+9 — Trivial query short-circuit skips RAG for trivial query: \"hi\"","status":"passed","title":"skips RAG for trivial query: \"hi\"","duration":0.9228749999999764,"failureMessages":[],"meta":{}},{"ancestorTitles":["Service Optimizations","#4+9 — Trivial query short-circuit"],"fullName":"Service Optimizations #4+9 — Trivial query short-circuit skips RAG for trivial query: \"hello\"","status":"passed","title":"skips RAG for trivial query: \"hello\"","duration":0.25499999999999545,"failureMessages":[],"meta":{}},{"ancestorTitles":["Service Optimizations","#4+9 — Trivial query short-circuit"],"fullName":"Service Optimizations #4+9 — Trivial query short-circuit skips RAG for trivial query: \"hey\"","status":"passed","title":"skips RAG for trivial query: \"hey\"","duration":0.3361250000000382,"failureMessages":[],"meta":{}},{"ancestorTitles":["Service Optimizations","#4+9 — Trivial query short-circuit"],"fullName":"Service Optimizations #4+9 — Trivial query short-circuit skips RAG for trivial query: \"thanks\"","status":"passed","title":"skips RAG for trivial query: \"thanks\"","duration":0.32275000000004184,"failureMessages":[],"meta":{}},{"ancestorTitles":["Service Optimizations","#4+9 — Trivial query short-circuit"],"fullName":"Service Optimizations #4+9 — Trivial query short-circuit skips RAG for trivial query: \"thank you\"","status":"passed","title":"skips RAG for trivial query: \"thank you\"","duration":0.6592079999999214,"failureMessages":[],"meta":{}},{"ancestorTitles":["Service Optimizations","#4+9 — Trivial query short-circuit"],"fullName":"Service Optimizations #4+9 — Trivial query short-circuit skips RAG for trivial query: \"ok\"","status":"passed","title":"skips RAG for trivial query: \"ok\"","duration":0.3504999999998972,"failureMessages":[],"meta":{}},{"ancestorTitles":["Service Optimizations","#4+9 — Trivial query short-circuit"],"fullName":"Service Optimizations #4+9 — Trivial query short-circuit skips RAG for trivial query: \"okay\"","status":"passed","title":"skips RAG for trivial query: \"okay\"","duration":0.22495900000001257,"failureMessages":[],"meta":{}},{"ancestorTitles":["Service Optimizations","#4+9 — Trivial query short-circuit"],"fullName":"Service Optimizations #4+9 — Trivial query short-circuit skips RAG for trivial query: \"got it\"","status":"passed","title":"skips RAG for trivial query: \"got it\"","duration":0.31920800000000327,"failureMessages":[],"meta":{}},{"ancestorTitles":["Service Optimizations","#4+9 — Trivial query short-circuit"],"fullName":"Service Optimizations #4+9 — Trivial query short-circuit skips RAG for trivial query: \"sure\"","status":"passed","title":"skips RAG for trivial query: \"sure\"","duration":0.30549999999993815,"failureMessages":[],"meta":{}},{"ancestorTitles":["Service Optimizations","#4+9 — Trivial query short-circuit"],"fullName":"Service Optimizations #4+9 — Trivial query short-circuit skips RAG for trivial query: \"yes\"","status":"passed","title":"skips RAG for trivial query: \"yes\"","duration":2.1990409999999656,"failureMessages":[],"meta":{}},{"ancestorTitles":["Service Optimizations","#4+9 — Trivial query short-circuit"],"fullName":"Service Optimizations #4+9 — Trivial query short-circuit skips RAG for trivial query: \"no\"","status":"passed","title":"skips RAG for trivial query: \"no\"","duration":0.2536250000000564,"failureMessages":[],"meta":{}},{"ancestorTitles":["Service Optimizations","#4+9 — Trivial query short-circuit"],"fullName":"Service Optimizations #4+9 — Trivial query short-circuit skips RAG for trivial query: \"bye\"","status":"passed","title":"skips RAG for trivial query: \"bye\"","duration":0.20783400000004804,"failureMessages":[],"meta":{}},{"ancestorTitles":["Service Optimizations","#4+9 — Trivial query short-circuit"],"fullName":"Service Optimizations #4+9 — Trivial query short-circuit skips RAG for trivial query: \"goodbye\"","status":"passed","title":"skips RAG for trivial query: \"goodbye\"","duration":0.19820800000002237,"failureMessages":[],"meta":{}},{"ancestorTitles":["Service Optimizations","#4+9 — Trivial query short-circuit"],"fullName":"Service Optimizations #4+9 — Trivial query short-circuit skips RAG for trivial query: \"good morning\"","status":"passed","title":"skips RAG for trivial query: \"good morning\"","duration":0.20154100000002018,"failureMessages":[],"meta":{}},{"ancestorTitles":["Service Optimizations","#4+9 — Trivial query short-circuit"],"fullName":"Service Optimizations #4+9 — Trivial query short-circuit skips RAG for trivial query: \"good evening\"","status":"passed","title":"skips RAG for trivial query: \"good evening\"","duration":0.17462499999999181,"failureMessages":[],"meta":{}},{"ancestorTitles":["Service Optimizations","#4+9 — Trivial query short-circuit"],"fullName":"Service Optimizations #4+9 — Trivial query short-circuit skips RAG for trivial query: \"Hi!\"","status":"passed","title":"skips RAG for trivial query: \"Hi!\"","duration":0.16408300000000509,"failureMessages":[],"meta":{}},{"ancestorTitles":["Service Optimizations","#4+9 — Trivial query short-circuit"],"fullName":"Service Optimizations #4+9 — Trivial query short-circuit skips RAG for trivial query: \"Hello.\"","status":"passed","title":"skips RAG for trivial query: \"Hello.\"","duration":0.294791000000032,"failureMessages":[],"meta":{}},{"ancestorTitles":["Service Optimizations","#4+9 — Trivial query short-circuit"],"fullName":"Service Optimizations #4+9 — Trivial query short-circuit skips RAG for trivial query: \"Thanks!\"","status":"passed","title":"skips RAG for trivial query: \"Thanks!\"","duration":0.1607089999999971,"failureMessages":[],"meta":{}},{"ancestorTitles":["Service Optimizations","#4+9 — Trivial query short-circuit"],"fullName":"Service Optimizations #4+9 — Trivial query short-circuit skips RAG for trivial query: \"OK?\"","status":"passed","title":"skips RAG for trivial query: \"OK?\"","duration":0.5050420000000031,"failureMessages":[],"meta":{}},{"ancestorTitles":["Service Optimizations","#4+9 — Trivial query short-circuit"],"fullName":"Service Optimizations #4+9 — Trivial query short-circuit skips price fetch for trivial queries","status":"passed","title":"skips price fetch for trivial queries","duration":0.7127080000000205,"failureMessages":[],"meta":{}},{"ancestorTitles":["Service Optimizations","#4+9 — Trivial query short-circuit"],"fullName":"Service Optimizations #4+9 — Trivial query short-circuit skips cross-sector for trivial queries","status":"passed","title":"skips cross-sector for trivial queries","duration":0.40687500000001364,"failureMessages":[],"meta":{}},{"ancestorTitles":["Service Optimizations","#4+9 — Trivial query short-circuit"],"fullName":"Service Optimizations #4+9 — Trivial query short-circuit returns canned response for trivial queries when Gemini is disabled","status":"passed","title":"returns canned response for trivial queries when Gemini is disabled","duration":0.3042080000000169,"failureMessages":[],"meta":{}},{"ancestorTitles":["Service Optimizations","#4+9 — Trivial query short-circuit"],"fullName":"Service Optimizations #4+9 — Trivial query short-circuit routes trivial queries to Gemini for all tiers when enabled","status":"passed","title":"routes trivial queries to Gemini for all tiers when enabled","duration":0.4040829999999005,"failureMessages":[],"meta":{}},{"ancestorTitles":["Service Optimizations","non-trivial queries DO trigger retrieval"],"fullName":"Service Optimizations non-trivial queries DO trigger retrieval triggers RAG for: \"How is NVDA doing?\"","status":"passed","title":"triggers RAG for: \"How is NVDA doing?\"","duration":0.7453330000000733,"failureMessages":[],"meta":{}},{"ancestorTitles":["Service Optimizations","non-trivial queries DO trigger retrieval"],"fullName":"Service Optimizations non-trivial queries DO trigger retrieval triggers RAG for: \"What are the risks for Bitcoin?\"","status":"passed","title":"triggers RAG for: \"What are the risks for Bitcoin?\"","duration":1.0763749999999845,"failureMessages":[],"meta":{}},{"ancestorTitles":["Service Optimizations","non-trivial queries DO trigger retrieval"],"fullName":"Service Optimizations non-trivial queries DO trigger retrieval triggers RAG for: \"hi there, can you analyze AAPL?\"","status":"passed","title":"triggers RAG for: \"hi there, can you analyze AAPL?\"","duration":0.5486660000000256,"failureMessages":[],"meta":{}},{"ancestorTitles":["Service Optimizations","non-trivial queries DO trigger retrieval"],"fullName":"Service Optimizations non-trivial queries DO trigger retrieval triggers RAG for: \"hello world\"","status":"passed","title":"triggers RAG for: \"hello world\"","duration":0.4941670000000613,"failureMessages":[],"meta":{}},{"ancestorTitles":["Service Optimizations","non-trivial queries DO trigger retrieval"],"fullName":"Service Optimizations non-trivial querie
[...]
12520799999998644,"failureMessages":[],"meta":{}},{"ancestorTitles":["computeAndStorePortfolioHealth"],"fullName":"computeAndStorePortfolioHealth skips compute when all holdings have null price","status":"passed","title":"skips compute when all holdings have null price","duration":0.14204200000000355,"failureMessages":[],"meta":{}},{"ancestorTitles":["computeAndStorePortfolioHealth"],"fullName":"computeAndStorePortfolioHealth skips compute when all holdings have zero price","status":"passed","title":"skips compute when all holdings have zero price","duration":0.0752080000000035,"failureMessages":[],"meta":{}},{"ancestorTitles":["computeAndStorePortfolioHealth"],"fullName":"computeAndStorePortfolioHealth creates snapshot for valid portfolio with priced holdings","status":"passed","title":"creates snapshot for valid portfolio with priced holdings","duration":0.31579099999999016,"failureMessages":[],"meta":{}},{"ancestorTitles":["computeAndStorePortfolioHealth"],"fullName":"computeAndStorePortfolioHealth snapshot contains all 5 dimension scores","status":"passed","title":"snapshot contains all 5 dimension scores","duration":0.17154099999999062,"failureMessages":[],"meta":{}},{"ancestorTitles":["computeAndStorePortfolioHealth"],"fullName":"computeAndStorePortfolioHealth snapshot riskMetrics contains fragility classification and top drivers","status":"passed","title":"snapshot riskMetrics contains fragility classification and top drivers","duration":0.1825409999999863,"failureMessages":[],"meta":{}},{"ancestorTitles":["computeAndStorePortfolioHealth"],"fullName":"computeAndStorePortfolioHealth invalidates both health and analytics cache keys after snapshot","status":"passed","title":"invalidates both health and analytics cache keys after snapshot","duration":0.4556249999999977,"failureMessages":[],"meta":{}},{"ancestorTitles":["computeAndStorePortfolioHealth"],"fullName":"computeAndStorePortfolioHealth filters out holdings with null price before computing","status":"passed","title":"filters out holdings with null price before computing","duration":0.16450000000000387,"failureMessages":[],"meta":{}},{"ancestorTitles":["computeAndStorePortfolioHealth"],"fullName":"computeAndStorePortfolioHealth null scores (avgVolatilityScore=null) do not throw","status":"passed","title":"null scores (avgVolatilityScore=null) do not throw","duration":0.4200000000000159,"failureMessages":[],"meta":{}},{"ancestorTitles":["computeAllPortfoliosHealth"],"fullName":"computeAllPortfoliosHealth returns { processed: 0, errors: 0 } for empty portfolio list","status":"passed","title":"returns { processed: 0, errors: 0 } for empty portfolio list","duration":0.11562499999999432,"failureMessages":[],"meta":{}},{"ancestorTitles":["computeAllPortfoliosHealth"],"fullName":"computeAllPortfoliosHealth processes all portfolios and returns correct counts","status":"passed","title":"processes all portfolios and returns correct counts","duration":0.12391599999997993,"failureMessages":[],"meta":{}},{"ancestorTitles":["computeAllPortfoliosHealth"],"fullName":"computeAllPortfoliosHealth counts errors correctly when some portfolios fail","status":"passed","title":"counts errors correctly when some portfolios fail","duration":0.16354200000000674,"failureMessages":[],"meta":{}},{"ancestorTitles":["computeAllPortfoliosHealth"],"fullName":"computeAllPortfoliosHealth processes portfolios in batches of 5 (concurrency limit)","status":"passed","title":"processes portfolios in batches of 5 (concurrency limit)","duration":0.1411250000000166,"failureMessages":[],"meta":{}},{"ancestorTitles":["computeAllPortfoliosHealth"],"fullName":"computeAllPortfoliosHealth all errors → processed=0, errors=N","status":"passed","title":"all errors → processed=0, errors=N","duration":0.09254100000001131,"failureMessages":[],"meta":{}}],"startTime":1772913445800,"endTime":1772913445803.1636,"status":"passed","message":"","name":"/Users/defiankit/Desktop/multiasset_ai/src/lib/services/__tests__/portfolio.service.test.ts"},{"assertionResults":[{"ancestorTitles":["POST /api/cron/daily-briefing"],"fullName":"POST /api/cron/daily-briefing returns 401 when cron secret does not match","status":"passed","title":"returns 401 when cron secret does not match","duration":2.34616699999998,"failureMessages":[],"meta":{}},{"ancestorTitles":["POST /api/cron/daily-briefing"],"fullName":"POST /api/cron/daily-briefing returns generic 500 error without leaking internal message","status":"passed","title":"returns generic 500 error without leaking internal message","duration":3.202791999999988,"failureMessages":[],"meta":{}}],"startTime":1772913445262,"endTime":1772913445268.203,"status":"passed","message":"","name":"/Users/defiankit/Desktop/multiasset_ai/src/app/api/cron/daily-briefing/route.test.ts"},{"assertionResults":[{"ancestorTitles":["POST /api/cron/embed-memory"],"fullName":"POST /api/cron/embed-memory returns success payload on completed embedding run","status":"passed","title":"returns success payload on completed embedding run","duration":3.1205830000000105,"failureMessages":[],"meta":{}},{"ancestorTitles":["POST /api/cron/embed-memory"],"fullName":"POST /api/cron/embed-memory returns generic 500 error on failure","status":"passed","title":"returns generic 500 error on failure","duration":0.3838749999999891,"failureMessages":[],"meta":{}}],"startTime":1772913445636,"endTime":1772913445639.3838,"status":"passed","message":"","name":"/Users/defiankit/Desktop/multiasset_ai/src/app/api/cron/embed-memory/route.test.ts"},{"assertionResults":[{"ancestorTitles":["GET /api/stocks/compare"],"fullName":"GET /api/stocks/compare returns 401 when unauthenticated","status":"passed","title":"returns 401 when unauthenticated","duration":5.457750000000004,"failureMessages":[],"meta":{}},{"ancestorTitles":["GET /api/stocks/compare"],"fullName":"GET /api/stocks/compare returns 403 for STARTER plan","status":"passed","title":"returns 403 for STARTER plan","duration":0.6007920000000126,"failureMessages":[],"meta":{}},{"ancestorTitles":["GET /api/stocks/compare"],"fullName":"GET /api/stocks/compare returns 403 for PRO plan","status":"passed","title":"returns 403 for PRO plan","duration":0.27704199999999446,"failureMessages":[],"meta":{}},{"ancestorTitles":["GET /api/stocks/compare"],"fullName":"GET /api/stocks/compare allows ENTERPRISE plan","status":"passed","title":"allows ENTERPRISE plan","duration":0.5142920000000117,"failureMessages":[],"meta":{}},{"ancestorTitles":["GET /api/stocks/compare"],"fullName":"GET /api/stocks/compare returns 400 when fewer than 2 symbols provided","status":"passed","title":"returns 400 when fewer than 2 symbols provided","duration":0.31466700000001424,"failureMessages":[],"meta":{}},{"ancestorTitles":["GET /api/stocks/compare"],"fullName":"GET /api/stocks/compare returns 400 when symbols param is empty","status":"passed","title":"returns 400 when symbols param is empty","duration":0.2706670000000031,"failureMessages":[],"meta":{}},{"ancestorTitles":["GET /api/stocks/compare"],"fullName":"GET /api/stocks/compare caps symbols at 5 even if more are provided","status":"passed","title":"caps symbols at 5 even if more are provided","duration":0.38466600000000994,"failureMessages":[],"meta":{}},{"ancestorTitles":["GET /api/stocks/compare"],"fullName":"GET /api/stocks/compare normalises symbols to uppercase","status":"passed","title":"normalises symbols to uppercase","duration":0.7776250000000005,"failureMessages":[],"meta":{}},{"ancestorTitles":["GET /api/stocks/compare"],"fullName":"GET /api/stocks/compare trims whitespace from symbols","status":"passed","title":"trims whitespace from symbols","duration":0.3465840000000071,"failureMessages":[],"meta":{}},{"ancestorTitles":["GET /api/stocks/compare"],"fullName":"GET /api/stocks/compare returns correct response shape for two valid assets","status":"passed","title":"returns correct response shape for two valid assets","duration":2.3306670000000054,"failureMessages":[],"meta":{}},{"ancestorTitles":["GET /api/stocks/compare"],"fullName":"GET /api/stocks/compare returns error entry for unknown symbol without crashing","status":"passed","title":"returns error entry for unknown symbol without crashing","duration":0.43283300000001645,"failureMessages":[],"meta":{}},{"ancestorTitles":["GET /api/stocks/compare"],"fullName":"GET /api/stocks/compare returns plan restriction error for inaccessible asset type","status":"passed","title":"returns plan restriction error for inaccessible asset type","duration":0.2782499999999857,"failureMessages":[],"meta":{}},{"ancestorTitles":["GET /api/stocks/compare"],"fullName":"GET /api/stocks/compare handles null signalStrength gracefully","status":"passed","title":"handles null signalStrength gracefully","duration":0.22991700000000037,"failureMessages":[],"meta":{}},{"ancestorTitles":["GET /api/stocks/compare"],"fullName":"GET /api/stocks/compare handles null factorAlignment gracefully","status":"passed","title":"handles null factorAlignment gracefully","duration":0.176667000000009,"failureMessages":[],"meta":{}},{"ancestorTitles":["GET /api/stocks/compare"],"fullName":"GET /api/stocks/compare handles null performanceData gracefully — all perf fields null","status":"passed","title":"handles null performanceData gracefully — all perf fields null","duration":0.2414579999999944,"failureMessages":[],"meta":{}},{"ancestorTitles":["GET /api/stocks/compare"],"fullName":"GET /api/stocks/compare handles null metadata gracefully — all valuation fields null","status":"passed","title":"handles null metadata gracefully — all valuation fields null","duration":0.18149999999999977,"failureMessages":[],"meta":{}},{"ancestorTitles":["GET /api/stocks/compare"],"fullName":"GET /api/stocks/compare scores are passed through without mutation","status":"passed","title":"scores are passed through without mutation","duration":0.22066699999999173,"failureMessages":[],"meta":{}},{"ancestorTitles":["GET /api/stocks/compare"],"fullName":"GET /api/stocks/compare returns 500 when AssetService throws","status":"passed","title":"returns 500 when AssetService throws","duration":3.1587499999999977,"failureMessages":[],"meta":{}}],"startTime":1772913444864,"endTime":1772913444880.1587,"status":"passed","message":"","name":"/Users/defiankit/Desktop/multiasset_ai/src/app/api/stocks/compare/route.test.ts"},{"assertionResults":[{"ancestorTitles":["POST /api/stocks/stress-test"],"fullName":"POST /api/stocks/stress-test returns 401 when unauthenticated","status":"passed","title":"returns 401 when unauthenticated","duration":3.5354580000000055,"failureMessages":[],"meta":{}},{"ancestorTitles":["POST /api/stocks/stress-test"],"fullName":"POST /api/stocks/stress-test returns 403 for STARTER plan","status":"passed","title":"returns 403 for STARTER plan","duration":0.54525000000001,"failureMessages":[],"meta":{}},{"ancestorTitles":["POST /api/stocks/stress-test"],"fullName":"POST /api/stocks/stress-test returns 403 for PRO plan","status":"passed","title":"returns 403 for PRO plan","duration":0.32425000000000637,"failureMessages":[],"meta":{}},{"ancestorTitles":["POST /api/stocks/stress-test"],"fullName":"POST /api/stocks/stress-test allows ENTERPRISE plan","status":"passed","title":"allows ENTERPRISE plan","duration":1.594333000000006,"failureMessages":[],"meta":{}},{"ancestorTitles":["POST /api/stocks/stress-test"],"fullName":"POST /api/stocks/stress-test returns 400 when symbols is missing","status":"passed","title":"returns 400 when symbols is missing","duration":0.8090829999999869,"failureMessages":[],"meta":{}},{"ancestorTitles":["POST /api/stocks/stress-test"],"fullName":"POST /api/stocks/stress-test returns 400 when scenarioId is missing","status":"passed","title":"returns 400 when scenarioId is missing","duration":0.4810829999999555,"failureMessages":[],"meta":{}},{"ancestorTitles":["POST /api/stocks/stress-test"],"fullName":"POST /api/stocks/stress-test returns 400 when more than 8 symbols are provided","status":"passed","title":"returns 400 when more than 8 symbols are provided","duration":0.41533300000003237,"failureMessages":[],"meta":{}},{"ancestorTitles":["POST /api/stocks/stress-test"],"fullName":"POST /api/stocks/stress-test computes max drawdown correctly for a monotonically declining series","status":"passed","title":"computes max drawdown correctly for a monotonically declining series","duration":0.6190000000000282,"failureMessages":[],"meta":{}},{"ancestorTitles":["POST /api/stocks/stress-test"],"fullName":"POST /api/stocks/stress-test computes max drawdown correctly when there is a peak mid-series","status":"passed","title":"computes max drawdown correctly when there is a peak mid-series","duration":0.41174999999998363,"failureMessages":[],"meta":{}},{"ancestorTitles":["POST /api/stocks/stress-test"],"fullName":"POST /api/stocks/stress-test computes max drawdown as 0 for a monotonically rising series","status":"passed","title":"computes max drawdown as 0 for a monotonically rising series","duration":0.398791000000017,"failureMessages":[],"meta":{}},{"ancestorTitles":["POST /api/stocks/stress-test"],"fullName":"POST /api/stocks/stress-test computes period return correctly","status":"passed","title":"computes period return correctly","duration":0.2989170000000172,"failureMessages":[],"meta":{}},{"ancestorTitles":["POST /api/stocks/stress-test"],"fullName":"POST /api/stocks/stress-test computes positive period return correctly","status":"passed","title":"computes positive period return correctly","duration":0.31562500000001137,"failureMessages":[],"meta":{}},{"ancestorTitles":["POST /api/stocks/stress-test"],"fullName":"POST /api/stocks/stress-test drawdown is rounded to 2 decimal places","status":"passed","title":"drawdown is rounded to 2 decimal places","duration":0.3205000000000382,"failureMessages":[],"meta":{}},{"ancestorTitles":["POST /api/stocks/stress-test"],"fullName":"POST /api/stocks/stress-test returns error entry for symbol not in DB","status":"passed","title":"returns error entry for symbol not in DB","duration":0.3042499999999677,"failureMessages":[],"meta":{}},{"ancestorTitles":["POST /api/stocks/stress-test"],"fullName":"POST /api/stocks/stress-test falls back to proxy replay when asset has insufficient direct scenario history","status":"passed","title":"falls back to proxy replay when asset has insufficient direct scenario history","duration":0.24750000000000227,"failureMessages":[],"meta":{}},{"ancestorTitles":["POST /api/stocks/stress-test"],"fullName":"POST /api/stocks/stress-test response includes scenarioId at top level","status":"passed","title":"response includes scenarioId at top level","duration":0.21166600000003655,"failureMessages":[],"meta":{}},{"ancestorTitles":["POST /api/stocks/stress-test"],"fullName":"POST /api/stocks/stress-test each result includes symbol, name, type, dataPoints","status":"passed","title":"each result includes symbol, name, type, dataPoints","duration":0.19916699999998855,"failureMessages":[],"meta":{}},{"ancestorTitles":["POST /api/stocks/stress-test"],"fullName":"POST /api/stocks/stress-test scenarioId is echoed back on each result entry","status":"passed","title":"scenarioId is echoed back on each result entry","duration":0.16987499999999045,"failureMessages":[],"meta":{}},{"ancestorTitles":["POST /api/stocks/stress-test"],"fullName":"POST /api/stocks/stress-test computes independent drawdowns for each asset","status":"passed","title":"computes independent drawdowns for each asset","duration":0.3224999999999909,"failureMessages":[],"meta":{}},{"ancestorTitles":["POST /api/stocks/stress-test"],"fullName":"POST /api/stocks/stress-test returns 500 when prisma.asset.findMany throws","status":"passed","title":"returns 500 when prisma.asset.findMany throws","duration":4.779416999999967,"failureMessages":[],"meta":{}},{"ancestorTitles":["POST /api/stocks/stress-test"],"fullName":"POST /api/stocks/stress-test returns error entry (not 500) when priceHistory fetch throws for one asset","status":"passed","title":"returns error entry (not 500) when priceHistory fetch throws for one asset","duration":0.9397500000000036,"failureMessages":[],"meta":{}}],"startTime":1772913444951,"endTime":1772913444967.9397,"status":"passed","message":"","name":"/Users/defiankit/Desktop/multiasset_ai/src/app/api/stocks/stress-test/route.test.ts"},{"assertionResults":[{"ancestorTitles":["/api/user/watchlist normalization"],"fullName":"/api/user/watchlist normalization POST normalizes symbol before lookup and persistence","status":"passed","title":"POST normalizes symbol before lookup and persistence","duration":4.369790999999992,"failureMessages":[],"meta":{}},{"ancestorTitles":["/api/user/watchlist normalization"],"fullName":"/api/user/watchlist normalization DELETE normalizes symbol before lookup","status":"passed","title":"DELETE normalizes symbol before lookup","duration":0.5168749999999989,"failureMessages":[],"meta":{}}],"startTime":1772913445317,"endTime":1772913445321.5168,"status":"passed","message":"","name":"/Users/defiankit/Desktop/multiasset_ai/src/app/api/user/watchlist/route.test.ts"},{"assertionResults":[{"ancestorTitles":["GET /api/stocks/[symbol]/scenarios"],"fullName":"GET /api/stocks/[symbol]/scenarios returns 404 when asset is missing","status":"passed","title":"returns 404 when asset is missing","duration":2.8573330000000112,"failureMessages":[],"meta":{}},{"ancestorTitles":["GET /api/stocks/[symbol]/scenarios"],"fullName":"GET /api/stocks/[symbol]/scenarios returns 200 not_ready payload when scenarioData is missing","status":"passed","title":"returns 200 not_ready payload when scenarioData is missing","duration":0.47504200000000196,"failureMessages":[],"meta":{}},{"ancestorTitles":["GET /api/stocks/[symbol]/scenarios"],"fullName":"GET /api/stocks/[symbol]/scenarios returns 200 ready payload with scenarios when scenarioData exists","status":"passed","title":"returns 200 ready payload with scenarios when scenarioData exists","duration":1.1433749999999918,"failureMessages":[],"meta":{}}],"startTime":1772913445215,"endTime":1772913445220.1433,"status":"passed","message":"","name":"/Users/defiankit/Desktop/multiasset_ai/src/app/api/stocks/[symbol]/scenarios/route.test.ts"},{"assertionResults":[{"ancestorTitles":["PUT /api/user/preferences/blog"],"fullName":"PUT /api/user/preferences/blog subscribes on opt-in","status":"passed","title":"subscribes on opt-in","duration":3.658791000000008,"failureMessages":[],"meta":{}},{"ancestorTitles":["PUT /api/user/preferences/blog"],"fullName":"PUT /api/user/preferences/blog saves preference even when unsubscribe provider sync fails","status":"passed","title":"saves preference even when unsubscribe provider sync fails","duration":0.5037089999999864,"failureMessages":[],"meta":{}}],"startTime":1772913445461,"endTime":1772913445464.6587,"status":"passed","message":"","name":"/Users/defiankit/Desktop/multiasset_ai/src/app/api/user/preferences/blog/route.test.ts"},{"assertionResults":[{"ancestorTitles":["/api/user/preferences/notifications"],"fullName":"/api/user/preferences/notifications returns 401 when unauthenticated","status":"passed","title":"returns 401 when unauthenticated","duration":2.635834000000017,"failureMessages":[],"meta":{}},{"ancestorTitles":["/api/user/preferences/notifications"],"fullName":"/api/user/preferences/notifications upserts user first, then notification preferences","status":"passed","title":"upserts user first, then notification preferences","duration":1.691834,"failureMessages":[],"meta":{}},{"ancestorTitles":["/api/user/preferences/notifications"],"fullName":"/api/user/preferences/notifications returns defaults when GET has no row","status":"passed","title":"returns defaults when GET has no row","duration":0.6667500000000075,"failureMessages":[],"meta":{}}],"startTime":1772913445612,"endTime":1772913445616.6667,"status":"passed","message":"","name":"/Users/defiankit/Desktop/multiasset_ai/src/app/api/user/preferences/notifications/route.test.ts"}]}